<?xml version="1.0" encoding="UTF-8"?>
<!-- Generated by org.testng.reporters.JUnitXMLReporter -->
<testsuite ignored="0" hostname="DESKTOP-UAETRNU" failures="1" tests="4" name="Test" time="9.232" errors="0" timestamp="2024-06-10T10:12:56 IST">
  <testcase classname="api.testcases.UsertTests" name="testCreateUser" time="3.181"/>
  <testcase classname="api.testcases.UsertTests" name="testGetUserData" time="1.229">
    <failure type="java.lang.AssertionError" message="expected [201] but found [200]">
      <![CDATA[java.lang.AssertionError: expected [201] but found [200]
at api.testcases.UsertTests.testGetUserData(UsertTests.java:51)
at java.base/java.util.ArrayList.forEach(ArrayList.java:1596)
... Removed 32 stack frames]]>
    </failure>
  </testcase> <!-- testGetUserData -->
  <testcase classname="api.testcases.UsertTests" name="testUpdateUserData" time="2.431"/>
  <testcase classname="api.testcases.UsertTests" name="testDeleteUserData" time="1.18"/>
</testsuite> <!-- Test -->
